
11월 03, 2023 16:31:00.688 NEW SESSION
11월 03, 2023 16:31:00.688 [32732:31288:1103/163100.685:ERROR:login_database.cc(1100)] Password decryption failed, encryption_result is 1
11월 03, 2023 16:31:00.689 [32732:31288:1103/163100.685:ERROR:login_database.cc(1100)] Password decryption failed, encryption_result is 1
11월 03, 2023 16:31:00.690 [32732:31288:1103/163100.685:ERROR:login_database.cc(1100)] Password decryption failed, encryption_result is 1
11월 03, 2023 16:31:00.690 [32732:31288:1103/163100.685:ERROR:login_database.cc(1100)] Password decryption failed, encryption_result is 1
11월 03, 2023 16:31:00.690 [32732:31288:1103/163100.685:ERROR:login_database.cc(1100)] Password decryption failed, encryption_result is 1
11월 03, 2023 16:31:00.734 [32732:31288:1103/163100.685:ERROR:login_database.cc(1100)] Password decryption failed, encryption_result is 1
11월 03, 2023 16:31:00.735 [32732:31288:1103/163100.685:ERROR:login_database.cc(1100)] Password decryption failed, encryption_result is 1
11월 03, 2023 16:31:00.735 [32732:31288:1103/163100.685:ERROR:login_database.cc(1100)] Password decryption failed, encryption_result is 1
11월 03, 2023 16:31:00.736 [32732:31288:1103/163100.685:ERROR:login_database.cc(1100)] Password decryption failed, encryption_result is 1
11월 03, 2023 16:31:00.736 [32732:31288:1103/163100.685:ERROR:login_database.cc(1100)] Password decryption failed, encryption_result is 1
11월 03, 2023 16:31:01.131 [32732:30596:1103/163101.131:ERROR:login_database.cc(1100)] Password decryption failed, encryption_result is 1
11월 03, 2023 16:31:30.682 [32732:29432:1103/163130.680:ERROR:login_database.cc(1100)] Password decryption failed, encryption_result is 1
11월 03, 2023 16:31:30.683 [32732:29432:1103/163130.680:ERROR:login_database.cc(1100)] Password decryption failed, encryption_result is 1
11월 03, 2023 16:31:30.683 [32732:29432:1103/163130.680:ERROR:login_database.cc(1100)] Password decryption failed, encryption_result is 1
11월 03, 2023 16:31:30.684 [32732:29432:1103/163130.680:ERROR:login_database.cc(1100)] Password decryption failed, encryption_result is 1
11월 03, 2023 16:31:30.684 [32732:29432:1103/163130.680:ERROR:login_database.cc(1100)] Password decryption failed, encryption_result is 1
11월 03, 2023 16:31:30.685 [32732:29432:1103/163130.680:ERROR:login_database.cc(1100)] Password decryption failed, encryption_result is 1
11월 03, 2023 16:31:30.686 [32732:29432:1103/163130.680:ERROR:login_database.cc(1100)] Password decryption failed, encryption_result is 1
11월 03, 2023 16:31:30.686 [32732:29432:1103/163130.680:ERROR:login_database.cc(1100)] Password decryption failed, encryption_result is 1
11월 03, 2023 16:31:30.686 [32732:29432:1103/163130.680:ERROR:login_database.cc(1100)] Password decryption failed, encryption_result is 1
11월 03, 2023 16:31:30.687 [32732:29432:1103/163130.680:ERROR:login_database.cc(1100)] Password decryption failed, encryption_result is 1
11월 03, 2023 16:31:30.687 [32732:29432:1103/163130.681:ERROR:login_database.cc(1100)] Password decryption failed, encryption_result is 1
11월 03, 2023 16:31:30.687 [32732:29432:1103/163130.681:ERROR:login_database.cc(1100)] Password decryption failed, encryption_result is 1
11월 03, 2023 16:31:30.688 [32732:29432:1103/163130.681:ERROR:login_database.cc(1100)] Password decryption failed, encryption_result is 1
11월 03, 2023 16:31:30.689 [32732:29432:1103/163130.681:ERROR:login_database.cc(1100)] Password decryption failed, encryption_result is 1
11월 03, 2023 16:31:30.689 [32732:29432:1103/163130.681:ERROR:login_database.cc(1100)] Password decryption failed, encryption_result is 1
11월 03, 2023 16:31:30.690 [32732:29432:1103/163130.681:ERROR:login_database.cc(1100)] Password decryption failed, encryption_result is 1
11월 03, 2023 16:31:30.690 [32732:29432:1103/163130.681:ERROR:login_database.cc(1100)] Password decryption failed, encryption_result is 1
11월 03, 2023 16:31:30.691 [32732:29432:1103/163130.681:ERROR:login_database.cc(1100)] Password decryption failed, encryption_result is 1
11월 03, 2023 16:31:30.691 [32732:29432:1103/163130.681:ERROR:login_database.cc(1100)] Password decryption failed, encryption_result is 1
11월 03, 2023 16:31:30.691 [32732:29432:1103/163130.681:ERROR:login_database.cc(1100)] Password decryption failed, encryption_result is 1
11월 03, 2023 16:35:21.742 [14624:5668:1103/163521.741:ERROR:login_database.cc(1100)] Password decryption failed, encryption_result is 1
11월 03, 2023 16:35:21.743 [14624:5668:1103/163521.741:ERROR:login_database.cc(1100)] Password decryption failed, encryption_result is 1
11월 03, 2023 16:35:21.743 [14624:5668:1103/163521.741:ERROR:login_database.cc(1100)] Password decryption failed, encryption_result is 1
11월 03, 2023 16:35:21.743 [14624:5668:1103/163521.741:ERROR:login_database.cc(1100)] Password decryption failed, encryption_result is 1
11월 03, 2023 16:35:21.744 [14624:5668:1103/163521.741:ERROR:login_database.cc(1100)] Password decryption failed, encryption_result is 1
11월 03, 2023 16:35:21.744 [14624:5668:1103/163521.741:ERROR:login_database.cc(1100)] Password decryption failed, encryption_result is 1
11월 03, 2023 16:35:21.745 [14624:5668:1103/163521.741:ERROR:login_database.cc(1100)] Password decryption failed, encryption_result is 1
11월 03, 2023 16:35:21.745 [14624:5668:1103/163521.741:ERROR:login_database.cc(1100)] Password decryption failed, encryption_result is 1
11월 03, 2023 16:35:21.745 [14624:5668:1103/163521.741:ERROR:login_database.cc(1100)] Password decryption failed, encryption_result is 1
11월 03, 2023 16:35:21.745 [14624:5668:1103/163521.741:ERROR:login_database.cc(1100)] Password decryption failed, encryption_result is 1
11월 03, 2023 16:35:22.380 [14624:11520:1103/163522.380:ERROR:login_database.cc(1100)] Password decryption failed, encryption_result is 1
11월 03, 2023 16:35:39.757 [14624:30336:1103/163539.756:ERROR:login_database.cc(1100)] Password decryption failed, encryption_result is 1
11월 03, 2023 16:35:51.727 [14624:32172:1103/163551.726:ERROR:login_database.cc(1100)] Password decryption failed, encryption_result is 1
11월 03, 2023 16:35:51.727 [14624:32172:1103/163551.727:ERROR:login_database.cc(1100)] Password decryption failed, encryption_result is 1
11월 03, 2023 16:35:51.728 [14624:32172:1103/163551.727:ERROR:login_database.cc(1100)] Password decryption failed, encryption_result is 1
11월 03, 2023 16:35:51.728 [14624:32172:1103/163551.727:ERROR:login_database.cc(1100)] Password decryption failed, encryption_result is 1
11월 03, 2023 16:35:51.729 [14624:32172:1103/163551.727:ERROR:login_database.cc(1100)] Password decryption failed, encryption_result is 1
11월 03, 2023 16:35:51.730 [14624:32172:1103/163551.727:ERROR:login_database.cc(1100)] Password decryption failed, encryption_result is 1
11월 03, 2023 16:35:51.730 [14624:32172:1103/163551.730:ERROR:login_database.cc(1100)] Password decryption failed, encryption_result is 1
11월 03, 2023 16:35:51.730 [14624:32172:1103/163551.730:ERROR:login_database.cc(1100)] Password decryption failed, encryption_result is 1
11월 03, 2023 16:35:51.731 [14624:32172:1103/163551.731:ERROR:login_database.cc(1100)] Password decryption failed, encryption_result is 1
11월 03, 2023 16:35:51.731 [14624:32172:1103/163551.731:ERROR:login_database.cc(1100)] Password decryption failed, encryption_result is 1

11월 10, 2023 10:27:20.893 NEW SESSION
11월 10, 2023 10:27:20.893 [1324:30236:1110/102720.891:ERROR:login_database.cc(1100)] Password decryption failed, encryption_result is 1
11월 10, 2023 10:27:20.894 [1324:30236:1110/102720.891:ERROR:login_database.cc(1100)] Password decryption failed, encryption_result is 1
11월 10, 2023 10:27:20.894 [1324:30236:1110/102720.891:ERROR:login_database.cc(1100)] Password decryption failed, encryption_result is 1
11월 10, 2023 10:27:20.894 [1324:30236:1110/102720.891:ERROR:login_database.cc(1100)] Password decryption failed, encryption_result is 1
11월 10, 2023 10:27:20.895 [1324:30236:1110/102720.891:ERROR:login_database.cc(1100)] Password decryption failed, encryption_result is 1
11월 10, 2023 10:27:20.895 [1324:30236:1110/102720.891:ERROR:login_database.cc(1100)] Password decryption failed, encryption_result is 1
11월 10, 2023 10:27:20.895 [1324:30236:1110/102720.891:ERROR:login_database.cc(1100)] Password decryption failed, encryption_result is 1
11월 10, 2023 10:27:20.895 [1324:30236:1110/102720.891:ERROR:login_database.cc(1100)] Password decryption failed, encryption_result is 1
11월 10, 2023 10:27:20.895 [1324:30236:1110/102720.891:ERROR:login_database.cc(1100)] Password decryption failed, encryption_result is 1
11월 10, 2023 10:27:20.896 [1324:30236:1110/102720.891:ERROR:login_database.cc(1100)] Password decryption failed, encryption_result is 1
11월 10, 2023 10:27:21.180 [1324:17480:1110/102721.179:ERROR:login_database.cc(1100)] Password decryption failed, encryption_result is 1
11월 10, 2023 10:27:50.902 [1324:6388:1110/102750.902:ERROR:login_database.cc(1100)] Password decryption failed, encryption_result is 1
11월 10, 2023 10:27:50.903 [1324:6388:1110/102750.902:ERROR:login_database.cc(1100)] Password decryption failed, encryption_result is 1
11월 10, 2023 10:27:50.903 [1324:6388:1110/102750.902:ERROR:login_database.cc(1100)] Password decryption failed, encryption_result is 1
11월 10, 2023 10:27:50.903 [1324:6388:1110/102750.902:ERROR:login_database.cc(1100)] Password decryption failed, encryption_result is 1
11월 10, 2023 10:27:50.903 [1324:6388:1110/102750.902:ERROR:login_database.cc(1100)] Password decryption failed, encryption_result is 1
11월 10, 2023 10:27:50.904 [1324:6388:1110/102750.902:ERROR:login_database.cc(1100)] Password decryption failed, encryption_result is 1
11월 10, 2023 10:27:50.904 [1324:6388:1110/102750.902:ERROR:login_database.cc(1100)] Password decryption failed, encryption_result is 1
11월 10, 2023 10:27:50.904 [1324:6388:1110/102750.902:ERROR:login_database.cc(1100)] Password decryption failed, encryption_result is 1
11월 10, 2023 10:27:50.904 [1324:6388:1110/102750.902:ERROR:login_database.cc(1100)] Password decryption failed, encryption_result is 1
11월 10, 2023 10:27:50.904 [1324:6388:1110/102750.902:ERROR:login_database.cc(1100)] Password decryption failed, encryption_result is 1
11월 10, 2023 10:28:45.999 [21868:1620:1110/102845.998:ERROR:login_database.cc(1100)] Password decryption failed, encryption_result is 1
11월 10, 2023 10:28:45.999 [21868:1620:1110/102845.998:ERROR:login_database.cc(1100)] Password decryption failed, encryption_result is 1
11월 10, 2023 10:28:45.999 [21868:1620:1110/102845.998:ERROR:login_database.cc(1100)] Password decryption failed, encryption_result is 1
11월 10, 2023 10:28:46.00 [21868:1620:1110/102845.998:ERROR:login_database.cc(1100)] Password decryption failed, encryption_result is 1
11월 10, 2023 10:28:46.03 [21868:1620:1110/102845.998:ERROR:login_database.cc(1100)] Password decryption failed, encryption_result is 1
11월 10, 2023 10:28:46.03 [21868:1620:1110/102845.998:ERROR:login_database.cc(1100)] Password decryption failed, encryption_result is 1
11월 10, 2023 10:28:46.08 [21868:1620:1110/102845.998:ERROR:login_database.cc(1100)] Password decryption failed, encryption_result is 1
11월 10, 2023 10:28:46.08 [21868:1620:1110/102845.998:ERROR:login_database.cc(1100)] Password decryption failed, encryption_result is 1
11월 10, 2023 10:28:46.09 [21868:1620:1110/102845.998:ERROR:login_database.cc(1100)] Password decryption failed, encryption_result is 1
11월 10, 2023 10:28:46.09 [21868:1620:1110/102845.998:ERROR:login_database.cc(1100)] Password decryption failed, encryption_result is 1
11월 10, 2023 10:28:46.301 [21868:31592:1110/102846.300:ERROR:login_database.cc(1100)] Password decryption failed, encryption_result is 1
11월 10, 2023 10:29:16.04 [21868:38284:1110/102915.997:ERROR:login_database.cc(1100)] Password decryption failed, encryption_result is 1
11월 10, 2023 10:29:16.05 [21868:38284:1110/102915.998:ERROR:login_database.cc(1100)] Password decryption failed, encryption_result is 1
11월 10, 2023 10:29:16.06 [21868:38284:1110/102915.998:ERROR:login_database.cc(1100)] Password decryption failed, encryption_result is 1
11월 10, 2023 10:29:16.06 [21868:38284:1110/102915.998:ERROR:login_database.cc(1100)] Password decryption failed, encryption_result is 1
11월 10, 2023 10:29:16.06 [21868:38284:1110/102915.998:ERROR:login_database.cc(1100)] Password decryption failed, encryption_result is 1
11월 10, 2023 10:29:16.06 [21868:38284:1110/102915.998:ERROR:login_database.cc(1100)] Password decryption failed, encryption_result is 1
11월 10, 2023 10:29:16.07 [21868:38284:1110/102915.998:ERROR:login_database.cc(1100)] Password decryption failed, encryption_result is 1
11월 10, 2023 10:29:16.07 [21868:38284:1110/102915.998:ERROR:login_database.cc(1100)] Password decryption failed, encryption_result is 1
11월 10, 2023 10:29:16.07 [21868:38284:1110/102915.998:ERROR:login_database.cc(1100)] Password decryption failed, encryption_result is 1
11월 10, 2023 10:29:16.08 [21868:38284:1110/102915.998:ERROR:login_database.cc(1100)] Password decryption failed, encryption_result is 1
11월 10, 2023 10:29:53.773 [20440:31760:1110/102953.773:ERROR:login_database.cc(1100)] Password decryption failed, encryption_result is 1
11월 10, 2023 10:29:53.774 [20440:31760:1110/102953.773:ERROR:login_database.cc(1100)] Password decryption failed, encryption_result is 1
11월 10, 2023 10:29:53.774 [20440:31760:1110/102953.773:ERROR:login_database.cc(1100)] Password decryption failed, encryption_result is 1
11월 10, 2023 10:29:53.774 [20440:31760:1110/102953.773:ERROR:login_database.cc(1100)] Password decryption failed, encryption_result is 1
11월 10, 2023 10:29:53.775 [20440:31760:1110/102953.773:ERROR:login_database.cc(1100)] Password decryption failed, encryption_result is 1
11월 10, 2023 10:29:53.775 [20440:31760:1110/102953.773:ERROR:login_database.cc(1100)] Password decryption failed, encryption_result is 1
11월 10, 2023 10:29:53.775 [20440:31760:1110/102953.773:ERROR:login_database.cc(1100)] Password decryption failed, encryption_result is 1
11월 10, 2023 10:29:53.775 [20440:31760:1110/102953.773:ERROR:login_database.cc(1100)] Password decryption failed, encryption_result is 1
11월 10, 2023 10:29:53.776 [20440:31760:1110/102953.773:ERROR:login_database.cc(1100)] Password decryption failed, encryption_result is 1
11월 10, 2023 10:29:53.776 [20440:31760:1110/102953.773:ERROR:login_database.cc(1100)] Password decryption failed, encryption_result is 1
11월 10, 2023 10:29:54.140 [20440:21776:1110/102954.140:ERROR:login_database.cc(1100)] Password decryption failed, encryption_result is 1
11월 10, 2023 10:30:23.772 [20440:21776:1110/103023.772:ERROR:login_database.cc(1100)] Password decryption failed, encryption_result is 1
11월 10, 2023 10:30:23.773 [20440:21776:1110/103023.772:ERROR:login_database.cc(1100)] Password decryption failed, encryption_result is 1
11월 10, 2023 10:30:23.773 [20440:21776:1110/103023.772:ERROR:login_database.cc(1100)] Password decryption failed, encryption_result is 1
11월 10, 2023 10:30:23.774 [20440:21776:1110/103023.772:ERROR:login_database.cc(1100)] Password decryption failed, encryption_result is 1
11월 10, 2023 10:30:23.774 [20440:21776:1110/103023.772:ERROR:login_database.cc(1100)] Password decryption failed, encryption_result is 1
11월 10, 2023 10:30:23.774 [20440:21776:1110/103023.772:ERROR:login_database.cc(1100)] Password decryption failed, encryption_result is 1
11월 10, 2023 10:30:23.774 [20440:21776:1110/103023.772:ERROR:login_database.cc(1100)] Password decryption failed, encryption_result is 1
11월 10, 2023 10:30:23.775 [20440:21776:1110/103023.772:ERROR:login_database.cc(1100)] Password decryption failed, encryption_result is 1
11월 10, 2023 10:30:23.775 [20440:21776:1110/103023.772:ERROR:login_database.cc(1100)] Password decryption failed, encryption_result is 1
11월 10, 2023 10:30:23.775 [20440:21776:1110/103023.772:ERROR:login_database.cc(1100)] Password decryption failed, encryption_result is 1
11월 10, 2023 10:41:14.515 [32720:21696:1110/104114.514:ERROR:login_database.cc(1100)] Password decryption failed, encryption_result is 1
11월 10, 2023 10:41:14.515 [32720:21696:1110/104114.514:ERROR:login_database.cc(1100)] Password decryption failed, encryption_result is 1
11월 10, 2023 10:41:14.516 [32720:21696:1110/104114.515:ERROR:login_database.cc(1100)] Password decryption failed, encryption_result is 1
11월 10, 2023 10:41:14.516 [32720:21696:1110/104114.515:ERROR:login_database.cc(1100)] Password decryption failed, encryption_result is 1
11월 10, 2023 10:41:14.516 [32720:21696:1110/104114.515:ERROR:login_database.cc(1100)] Password decryption failed, encryption_result is 1
11월 10, 2023 10:41:14.516 [32720:21696:1110/104114.515:ERROR:login_database.cc(1100)] Password decryption failed, encryption_result is 1
11월 10, 2023 10:41:14.517 [32720:21696:1110/104114.515:ERROR:login_database.cc(1100)] Password decryption failed, encryption_result is 1
11월 10, 2023 10:41:14.517 [32720:21696:1110/104114.515:ERROR:login_database.cc(1100)] Password decryption failed, encryption_result is 1
11월 10, 2023 10:41:14.517 [32720:21696:1110/104114.515:ERROR:login_database.cc(1100)] Password decryption failed, encryption_result is 1
11월 10, 2023 10:41:14.518 [32720:21696:1110/104114.515:ERROR:login_database.cc(1100)] Password decryption failed, encryption_result is 1
11월 10, 2023 10:41:14.778 [32720:33332:1110/104114.778:ERROR:login_database.cc(1100)] Password decryption failed, encryption_result is 1
11월 10, 2023 10:41:44.515 [32720:37896:1110/104144.515:ERROR:login_database.cc(1100)] Password decryption failed, encryption_result is 1
11월 10, 2023 10:41:44.516 [32720:37896:1110/104144.515:ERROR:login_database.cc(1100)] Password decryption failed, encryption_result is 1
11월 10, 2023 10:41:44.516 [32720:37896:1110/104144.515:ERROR:login_database.cc(1100)] Password decryption failed, encryption_result is 1
11월 10, 2023 10:41:44.516 [32720:37896:1110/104144.515:ERROR:login_database.cc(1100)] Password decryption failed, encryption_result is 1
11월 10, 2023 10:41:44.516 [32720:37896:1110/104144.515:ERROR:login_database.cc(1100)] Password decryption failed, encryption_result is 1
11월 10, 2023 10:41:44.517 [32720:37896:1110/104144.515:ERROR:login_database.cc(1100)] Password decryption failed, encryption_result is 1
11월 10, 2023 10:41:44.517 [32720:37896:1110/104144.515:ERROR:login_database.cc(1100)] Password decryption failed, encryption_result is 1
11월 10, 2023 10:41:44.517 [32720:37896:1110/104144.515:ERROR:login_database.cc(1100)] Password decryption failed, encryption_result is 1
11월 10, 2023 10:41:44.518 [32720:37896:1110/104144.515:ERROR:login_database.cc(1100)] Password decryption failed, encryption_result is 1
11월 10, 2023 10:41:44.518 [32720:37896:1110/104144.515:ERROR:login_database.cc(1100)] Password decryption failed, encryption_result is 1
11월 10, 2023 11:16:44.781 [32720:30328:1110/111644.779:ERROR:CONSOLE(1)] "Request Runtime.evaluate failed. {"code":-32602,"message":"uniqueContextId not found"}", source: devtools://devtools/bundled/devtools-frontend/front_end/core/protocol_client/protocol_client.js (1)
11월 10, 2023 11:16:44.785 [32720:30328:1110/111644.784:ERROR:CONSOLE(1)] "uniqueContextId not found", source: devtools://devtools/bundled/devtools-frontend/front_end/core/sdk/sdk.js (1)
11월 10, 2023 11:16:44.785 [32720:30328:1110/111644.785:ERROR:CONSOLE(1)] "Extension server error: Inspector protocol error: uniqueContextId not found", source: devtools://devtools/bundled/devtools-frontend/front_end/models/extensions/extensions.js (1)
11월 10, 2023 11:16:44.813 [32720:30328:1110/111644.812:ERROR:CONSOLE(1)] "Received error with code E_PROTOCOLERROR while checking if react has loaded: "Inspector protocol error: %s"", source: chrome-extension://fmkadmapgofadopljbjfkapdkoienihi/build/main.js (1)
11월 10, 2023 11:16:46.757 [32720:30328:1110/111646.756:ERROR:CONSOLE(1)] "Request Runtime.evaluate failed. {"code":-32602,"message":"uniqueContextId not found"}", source: devtools://devtools/bundled/devtools-frontend/front_end/core/protocol_client/protocol_client.js (1)
11월 10, 2023 11:16:46.758 [32720:30328:1110/111646.756:ERROR:CONSOLE(1)] "uniqueContextId not found", source: devtools://devtools/bundled/devtools-frontend/front_end/core/sdk/sdk.js (1)
11월 10, 2023 11:16:46.758 [32720:30328:1110/111646.756:ERROR:CONSOLE(1)] "Extension server error: Inspector protocol error: uniqueContextId not found", source: devtools://devtools/bundled/devtools-frontend/front_end/models/extensions/extensions.js (1)
11월 10, 2023 11:16:46.758 [32720:30328:1110/111646.757:ERROR:CONSOLE(1)] "Received error with code E_PROTOCOLERROR while checking if react has loaded: "Inspector protocol error: %s"", source: chrome-extension://fmkadmapgofadopljbjfkapdkoienihi/build/main.js (1)
11월 10, 2023 11:40:35.768 [32720:30328:1110/114035.767:ERROR:CONSOLE(1)] "Request Runtime.evaluate failed. {"code":-32602,"message":"uniqueContextId not found"}", source: devtools://devtools/bundled/devtools-frontend/front_end/core/protocol_client/protocol_client.js (1)
11월 10, 2023 11:40:35.769 [32720:30328:1110/114035.768:ERROR:CONSOLE(1)] "uniqueContextId not found", source: devtools://devtools/bundled/devtools-frontend/front_end/core/sdk/sdk.js (1)
11월 10, 2023 11:40:35.769 [32720:30328:1110/114035.769:ERROR:CONSOLE(1)] "Extension server error: Inspector protocol error: uniqueContextId not found", source: devtools://devtools/bundled/devtools-frontend/front_end/models/extensions/extensions.js (1)
11월 10, 2023 11:40:35.771 [32720:30328:1110/114035.771:ERROR:CONSOLE(1)] "Request Runtime.evaluate failed. {"code":-32602,"message":"uniqueContextId not found"}", source: devtools://devtools/bundled/devtools-frontend/front_end/core/protocol_client/protocol_client.js (1)
11월 10, 2023 11:40:35.772 [32720:30328:1110/114035.771:ERROR:CONSOLE(1)] "uniqueContextId not found", source: devtools://devtools/bundled/devtools-frontend/front_end/core/sdk/sdk.js (1)
11월 10, 2023 11:40:35.772 [32720:30328:1110/114035.772:ERROR:CONSOLE(1)] "Extension server error: Inspector protocol error: uniqueContextId not found", source: devtools://devtools/bundled/devtools-frontend/front_end/models/extensions/extensions.js (1)
11월 10, 2023 11:40:35.778 [32720:30328:1110/114035.776:ERROR:CONSOLE(1)] "Received error with code E_PROTOCOLERROR while checking if react has loaded: "Inspector protocol error: %s"", source: chrome-extension://fmkadmapgofadopljbjfkapdkoienihi/build/main.js (1)
11월 10, 2023 13:29:07.322 [32720:30328:1110/132907.322:ERROR:CONSOLE(1)] "Request Runtime.evaluate failed. {"code":-32602,"message":"uniqueContextId not found"}", source: devtools://devtools/bundled/devtools-frontend/front_end/core/protocol_client/protocol_client.js (1)
11월 10, 2023 13:29:07.323 [32720:30328:1110/132907.322:ERROR:CONSOLE(1)] "uniqueContextId not found", source: devtools://devtools/bundled/devtools-frontend/front_end/core/sdk/sdk.js (1)
11월 10, 2023 13:29:07.323 [32720:30328:1110/132907.323:ERROR:CONSOLE(1)] "Extension server error: Inspector protocol error: uniqueContextId not found", source: devtools://devtools/bundled/devtools-frontend/front_end/models/extensions/extensions.js (1)
11월 10, 2023 13:29:07.334 [32720:30328:1110/132907.333:ERROR:CONSOLE(1)] "Received error with code E_PROTOCOLERROR while checking if react has loaded: "Inspector protocol error: %s"", source: chrome-extension://fmkadmapgofadopljbjfkapdkoienihi/build/main.js (1)
11월 10, 2023 13:29:37.756 [32720:30328:1110/132937.756:ERROR:CONSOLE(1)] "Request Runtime.evaluate failed. {"code":-32602,"message":"uniqueContextId not found"}", source: devtools://devtools/bundled/devtools-frontend/front_end/core/protocol_client/protocol_client.js (1)
11월 10, 2023 13:29:37.758 [32720:30328:1110/132937.757:ERROR:CONSOLE(1)] "uniqueContextId not found", source: devtools://devtools/bundled/devtools-frontend/front_end/core/sdk/sdk.js (1)
11월 10, 2023 13:29:37.758 [32720:30328:1110/132937.758:ERROR:CONSOLE(1)] "Extension server error: Inspector protocol error: uniqueContextId not found", source: devtools://devtools/bundled/devtools-frontend/front_end/models/extensions/extensions.js (1)
11월 10, 2023 13:29:37.770 [32720:30328:1110/132937.770:ERROR:CONSOLE(1)] "Received error with code E_PROTOCOLERROR while checking if react has loaded: "Inspector protocol error: %s"", source: chrome-extension://fmkadmapgofadopljbjfkapdkoienihi/build/main.js (1)
11월 10, 2023 13:32:17.769 [32720:30328:1110/133217.769:ERROR:CONSOLE(1)] "Request Runtime.evaluate failed. {"code":-32602,"message":"uniqueContextId not found"}", source: devtools://devtools/bundled/devtools-frontend/front_end/core/protocol_client/protocol_client.js (1)
11월 10, 2023 13:32:17.773 [32720:30328:1110/133217.772:ERROR:CONSOLE(1)] "uniqueContextId not found", source: devtools://devtools/bundled/devtools-frontend/front_end/core/sdk/sdk.js (1)
11월 10, 2023 13:32:17.773 [32720:30328:1110/133217.772:ERROR:CONSOLE(1)] "Extension server error: Inspector protocol error: uniqueContextId not found", source: devtools://devtools/bundled/devtools-frontend/front_end/models/extensions/extensions.js (1)
11월 10, 2023 13:32:17.796 [32720:30328:1110/133217.796:ERROR:CONSOLE(1)] "Received error with code E_PROTOCOLERROR while checking if react has loaded: "Inspector protocol error: %s"", source: chrome-extension://fmkadmapgofadopljbjfkapdkoienihi/build/main.js (1)
11월 10, 2023 13:34:22.879 [32720:30328:1110/133422.875:ERROR:CONSOLE(1)] "Request Runtime.evaluate failed. {"code":-32602,"message":"uniqueContextId not found"}", source: devtools://devtools/bundled/devtools-frontend/front_end/core/protocol_client/protocol_client.js (1)
11월 10, 2023 13:34:22.881 [32720:30328:1110/133422.877:ERROR:CONSOLE(1)] "uniqueContextId not found", source: devtools://devtools/bundled/devtools-frontend/front_end/core/sdk/sdk.js (1)
11월 10, 2023 13:34:22.881 [32720:30328:1110/133422.877:ERROR:CONSOLE(1)] "Extension server error: Inspector protocol error: uniqueContextId not found", source: devtools://devtools/bundled/devtools-frontend/front_end/models/extensions/extensions.js (1)
11월 10, 2023 13:34:22.892 [32720:30328:1110/133422.891:ERROR:CONSOLE(1)] "Received error with code E_PROTOCOLERROR while checking if react has loaded: "Inspector protocol error: %s"", source: chrome-extension://fmkadmapgofadopljbjfkapdkoienihi/build/main.js (1)
11월 10, 2023 14:50:37.270 [39156:24848:1110/145037.268:ERROR:login_database.cc(1100)] Password decryption failed, encryption_result is 1
11월 10, 2023 14:50:37.271 [39156:24848:1110/145037.268:ERROR:login_database.cc(1100)] Password decryption failed, encryption_result is 1
11월 10, 2023 14:50:37.271 [39156:24848:1110/145037.268:ERROR:login_database.cc(1100)] Password decryption failed, encryption_result is 1
11월 10, 2023 14:50:37.271 [39156:24848:1110/145037.268:ERROR:login_database.cc(1100)] Password decryption failed, encryption_result is 1
11월 10, 2023 14:50:37.271 [39156:24848:1110/145037.268:ERROR:login_database.cc(1100)] Password decryption failed, encryption_result is 1
11월 10, 2023 14:50:37.272 [39156:24848:1110/145037.268:ERROR:login_database.cc(1100)] Password decryption failed, encryption_result is 1
11월 10, 2023 14:50:37.272 [39156:24848:1110/145037.268:ERROR:login_database.cc(1100)] Password decryption failed, encryption_result is 1
11월 10, 2023 14:50:37.272 [39156:24848:1110/145037.268:ERROR:login_database.cc(1100)] Password decryption failed, encryption_result is 1
11월 10, 2023 14:50:37.272 [39156:24848:1110/145037.268:ERROR:login_database.cc(1100)] Password decryption failed, encryption_result is 1
11월 10, 2023 14:50:37.273 [39156:24848:1110/145037.268:ERROR:login_database.cc(1100)] Password decryption failed, encryption_result is 1
11월 10, 2023 14:50:37.874 [39156:35912:1110/145037.821:ERROR:login_database.cc(1100)] Password decryption failed, encryption_result is 1
11월 10, 2023 14:53:40.705 [28596:4108:1110/145340.703:ERROR:login_database.cc(1100)] Password decryption failed, encryption_result is 1
11월 10, 2023 14:53:40.705 [28596:4108:1110/145340.703:ERROR:login_database.cc(1100)] Password decryption failed, encryption_result is 1
11월 10, 2023 14:53:40.705 [28596:4108:1110/145340.703:ERROR:login_database.cc(1100)] Password decryption failed, encryption_result is 1
11월 10, 2023 14:53:40.706 [28596:4108:1110/145340.703:ERROR:login_database.cc(1100)] Password decryption failed, encryption_result is 1
11월 10, 2023 14:53:40.706 [28596:4108:1110/145340.703:ERROR:login_database.cc(1100)] Password decryption failed, encryption_result is 1
11월 10, 2023 14:53:40.706 [28596:4108:1110/145340.703:ERROR:login_database.cc(1100)] Password decryption failed, encryption_result is 1
11월 10, 2023 14:53:40.707 [28596:4108:1110/145340.703:ERROR:login_database.cc(1100)] Password decryption failed, encryption_result is 1
11월 10, 2023 14:53:40.707 [28596:4108:1110/145340.703:ERROR:login_database.cc(1100)] Password decryption failed, encryption_result is 1
11월 10, 2023 14:53:40.707 [28596:4108:1110/145340.703:ERROR:login_database.cc(1100)] Password decryption failed, encryption_result is 1
11월 10, 2023 14:53:40.708 [28596:4108:1110/145340.703:ERROR:login_database.cc(1100)] Password decryption failed, encryption_result is 1
11월 10, 2023 14:53:41.44 [28596:36412:1110/145341.044:ERROR:login_database.cc(1100)] Password decryption failed, encryption_result is 1
11월 10, 2023 14:54:10.701 [28596:27060:1110/145410.701:ERROR:login_database.cc(1100)] Password decryption failed, encryption_result is 1
11월 10, 2023 14:54:10.703 [28596:27060:1110/145410.701:ERROR:login_database.cc(1100)] Password decryption failed, encryption_result is 1
11월 10, 2023 14:54:10.703 [28596:27060:1110/145410.701:ERROR:login_database.cc(1100)] Password decryption failed, encryption_result is 1
11월 10, 2023 14:54:10.703 [28596:27060:1110/145410.701:ERROR:login_database.cc(1100)] Password decryption failed, encryption_result is 1
11월 10, 2023 14:54:10.704 [28596:27060:1110/145410.701:ERROR:login_database.cc(1100)] Password decryption failed, encryption_result is 1
11월 10, 2023 14:54:10.704 [28596:27060:1110/145410.701:ERROR:login_database.cc(1100)] Password decryption failed, encryption_result is 1
11월 10, 2023 14:54:10.704 [28596:27060:1110/145410.701:ERROR:login_database.cc(1100)] Password decryption failed, encryption_result is 1
11월 10, 2023 14:54:10.704 [28596:27060:1110/145410.701:ERROR:login_database.cc(1100)] Password decryption failed, encryption_result is 1
11월 10, 2023 14:54:10.705 [28596:27060:1110/145410.701:ERROR:login_database.cc(1100)] Password decryption failed, encryption_result is 1
11월 10, 2023 14:54:10.705 [28596:27060:1110/145410.701:ERROR:login_database.cc(1100)] Password decryption failed, encryption_result is 1
